[0.010s] Invoking command in '/home/minje/ros2_study/ros2_ws/build/my_cpp_pkg': CMAKE_PREFIX_PATH=/opt/ros/humble /usr/bin/cmake /home/minje/ros2_study/ros2_ws/src/my_cpp_pkg -DCMAKE_INSTALL_PREFIX=/home/minje/ros2_study/ros2_ws/install/my_cpp_pkg
[0.107s] -- The C compiler identification is GNU 11.3.0
[0.181s] -- The CXX compiler identification is GNU 11.3.0
[0.191s] -- Detecting C compiler ABI info
[0.250s] -- Detecting C compiler ABI info - done
[0.255s] -- Check for working C compiler: /usr/bin/cc - skipped
[0.255s] -- Detecting C compile features
[0.256s] -- Detecting C compile features - done
[0.259s] -- Detecting CXX compiler ABI info
[0.318s] -- Detecting CXX compiler ABI info - done
[0.324s] -- Check for working CXX compiler: /usr/bin/c++ - skipped
[0.324s] -- Detecting CXX compile features
[0.324s] -- Detecting CXX compile features - done
[0.333s] -- Found ament_cmake: 1.3.4 (/opt/ros/humble/share/ament_cmake/cmake)
[0.441s] -- Found Python3: /usr/bin/python3.10 (found version "3.10.6") found components: Interpreter 
[0.511s] -- Found rclcpp: 16.0.4 (/opt/ros/humble/share/rclcpp/cmake)
[0.568s] -- Found rosidl_generator_c: 3.1.4 (/opt/ros/humble/share/rosidl_generator_c/cmake)
[0.574s] -- Found rosidl_adapter: 3.1.4 (/opt/ros/humble/share/rosidl_adapter/cmake)
[0.588s] -- Found rosidl_generator_cpp: 3.1.4 (/opt/ros/humble/share/rosidl_generator_cpp/cmake)
[0.609s] -- Using all available rosidl_typesupport_c: rosidl_typesupport_fastrtps_c;rosidl_typesupport_introspection_c
[0.631s] -- Using all available rosidl_typesupport_cpp: rosidl_typesupport_fastrtps_cpp;rosidl_typesupport_introspection_cpp
[0.704s] -- Found rmw_implementation_cmake: 6.1.1 (/opt/ros/humble/share/rmw_implementation_cmake/cmake)
[0.707s] -- Found rmw_fastrtps_cpp: 6.2.2 (/opt/ros/humble/share/rmw_fastrtps_cpp/cmake)
[0.788s] -- Found OpenSSL: /usr/lib/aarch64-linux-gnu/libcrypto.so (found version "3.0.2")  
[0.807s] -- Found FastRTPS: /opt/ros/humble/include  
[0.840s] -- Using RMW implementation 'rmw_fastrtps_cpp' as default
[0.850s] -- Looking for pthread.h
[0.909s] -- Looking for pthread.h - found
[0.909s] -- Performing Test CMAKE_HAVE_LIBC_PTHREAD
[0.967s] -- Performing Test CMAKE_HAVE_LIBC_PTHREAD - Success
[0.968s] -- Found Threads: TRUE  
[1.103s] -- Found ament_lint_auto: 0.12.6 (/opt/ros/humble/share/ament_lint_auto/cmake)
[1.153s] -- Added test 'lint_cmake' to check CMake code style
[1.154s] -- Added test 'xmllint' to check XML markup files
[1.155s] -- Configuring done
[1.158s] -- Generating done
[1.159s] -- Build files have been written to: /home/minje/ros2_study/ros2_ws/build/my_cpp_pkg
[1.164s] Invoked command in '/home/minje/ros2_study/ros2_ws/build/my_cpp_pkg' returned '0': CMAKE_PREFIX_PATH=/opt/ros/humble /usr/bin/cmake /home/minje/ros2_study/ros2_ws/src/my_cpp_pkg -DCMAKE_INSTALL_PREFIX=/home/minje/ros2_study/ros2_ws/install/my_cpp_pkg
[1.166s] Invoking command in '/home/minje/ros2_study/ros2_ws/build/my_cpp_pkg': CMAKE_PREFIX_PATH=/opt/ros/humble /usr/bin/cmake --build /home/minje/ros2_study/ros2_ws/build/my_cpp_pkg -- -j5 -l5
[1.197s] Invoked command in '/home/minje/ros2_study/ros2_ws/build/my_cpp_pkg' returned '0': CMAKE_PREFIX_PATH=/opt/ros/humble /usr/bin/cmake --build /home/minje/ros2_study/ros2_ws/build/my_cpp_pkg -- -j5 -l5
[1.221s] Invoking command in '/home/minje/ros2_study/ros2_ws/build/my_cpp_pkg': CMAKE_PREFIX_PATH=/opt/ros/humble /usr/bin/cmake --install /home/minje/ros2_study/ros2_ws/build/my_cpp_pkg
[1.226s] -- Install configuration: ""
[1.227s] -- Installing: /home/minje/ros2_study/ros2_ws/install/my_cpp_pkg/share/ament_index/resource_index/package_run_dependencies/my_cpp_pkg
[1.227s] -- Installing: /home/minje/ros2_study/ros2_ws/install/my_cpp_pkg/share/ament_index/resource_index/parent_prefix_path/my_cpp_pkg
[1.227s] -- Installing: /home/minje/ros2_study/ros2_ws/install/my_cpp_pkg/share/my_cpp_pkg/environment/ament_prefix_path.sh
[1.227s] -- Installing: /home/minje/ros2_study/ros2_ws/install/my_cpp_pkg/share/my_cpp_pkg/environment/ament_prefix_path.dsv
[1.227s] -- Installing: /home/minje/ros2_study/ros2_ws/install/my_cpp_pkg/share/my_cpp_pkg/environment/path.sh
[1.227s] -- Installing: /home/minje/ros2_study/ros2_ws/install/my_cpp_pkg/share/my_cpp_pkg/environment/path.dsv
[1.227s] -- Installing: /home/minje/ros2_study/ros2_ws/install/my_cpp_pkg/share/my_cpp_pkg/local_setup.bash
[1.227s] -- Installing: /home/minje/ros2_study/ros2_ws/install/my_cpp_pkg/share/my_cpp_pkg/local_setup.sh
[1.227s] -- Installing: /home/minje/ros2_study/ros2_ws/install/my_cpp_pkg/share/my_cpp_pkg/local_setup.zsh
[1.227s] -- Installing: /home/minje/ros2_study/ros2_ws/install/my_cpp_pkg/share/my_cpp_pkg/local_setup.dsv
[1.227s] -- Installing: /home/minje/ros2_study/ros2_ws/install/my_cpp_pkg/share/my_cpp_pkg/package.dsv
[1.228s] -- Installing: /home/minje/ros2_study/ros2_ws/install/my_cpp_pkg/share/ament_index/resource_index/packages/my_cpp_pkg
[1.228s] -- Installing: /home/minje/ros2_study/ros2_ws/install/my_cpp_pkg/share/my_cpp_pkg/cmake/my_cpp_pkgConfig.cmake
[1.228s] -- Installing: /home/minje/ros2_study/ros2_ws/install/my_cpp_pkg/share/my_cpp_pkg/cmake/my_cpp_pkgConfig-version.cmake
[1.228s] -- Installing: /home/minje/ros2_study/ros2_ws/install/my_cpp_pkg/share/my_cpp_pkg/package.xml
[1.230s] Invoked command in '/home/minje/ros2_study/ros2_ws/build/my_cpp_pkg' returned '0': CMAKE_PREFIX_PATH=/opt/ros/humble /usr/bin/cmake --install /home/minje/ros2_study/ros2_ws/build/my_cpp_pkg
