[0.362s] Invoking command in '/home/minje/ros2_study/ros2_ws/src/my_py_pkg': PYTHONPATH=/home/minje/ros2_study/ros2_ws/build/my_py_pkg/prefix_override:/home/minje/ros2_study/ros2_ws/install/my_py_pkg/lib/python3.10/site-packages:${PYTHONPATH} /usr/bin/python3 setup.py egg_info --egg-base ../../build/my_py_pkg build --build-base /home/minje/ros2_study/ros2_ws/build/my_py_pkg/build install --record /home/minje/ros2_study/ros2_ws/build/my_py_pkg/install.log --single-version-externally-managed
[0.489s] running egg_info
[0.489s] writing ../../build/my_py_pkg/my_py_pkg.egg-info/PKG-INFO
[0.490s] writing dependency_links to ../../build/my_py_pkg/my_py_pkg.egg-info/dependency_links.txt
[0.490s] writing entry points to ../../build/my_py_pkg/my_py_pkg.egg-info/entry_points.txt
[0.490s] writing requirements to ../../build/my_py_pkg/my_py_pkg.egg-info/requires.txt
[0.490s] writing top-level names to ../../build/my_py_pkg/my_py_pkg.egg-info/top_level.txt
[0.491s] reading manifest file '../../build/my_py_pkg/my_py_pkg.egg-info/SOURCES.txt'
[0.492s] writing manifest file '../../build/my_py_pkg/my_py_pkg.egg-info/SOURCES.txt'
[0.492s] running build
[0.492s] running build_py
[0.492s] running install
[0.492s] running install_lib
[0.493s] running install_data
[0.493s] running install_egg_info
[0.494s] removing '/home/minje/ros2_study/ros2_ws/install/my_py_pkg/lib/python3.10/site-packages/my_py_pkg-0.0.0-py3.10.egg-info' (and everything under it)
[0.494s] Copying ../../build/my_py_pkg/my_py_pkg.egg-info to /home/minje/ros2_study/ros2_ws/install/my_py_pkg/lib/python3.10/site-packages/my_py_pkg-0.0.0-py3.10.egg-info
[0.494s] running install_scripts
[0.506s] writing list of installed files to '/home/minje/ros2_study/ros2_ws/build/my_py_pkg/install.log'
[0.529s] Invoked command in '/home/minje/ros2_study/ros2_ws/src/my_py_pkg' returned '0': PYTHONPATH=/home/minje/ros2_study/ros2_ws/build/my_py_pkg/prefix_override:/home/minje/ros2_study/ros2_ws/install/my_py_pkg/lib/python3.10/site-packages:${PYTHONPATH} /usr/bin/python3 setup.py egg_info --egg-base ../../build/my_py_pkg build --build-base /home/minje/ros2_study/ros2_ws/build/my_py_pkg/build install --record /home/minje/ros2_study/ros2_ws/build/my_py_pkg/install.log --single-version-externally-managed
