[0.325s] Invoking command in '/home/minje/ros2_study/ros2_ws/src/my_py_pkg': PYTHONPATH=/home/minje/ros2_study/ros2_ws/build/my_py_pkg/prefix_override:/home/minje/ros2_study/ros2_ws/install/my_py_pkg/lib/python3.10/site-packages:${PYTHONPATH} /usr/bin/python3 setup.py egg_info --egg-base ../../build/my_py_pkg build --build-base /home/minje/ros2_study/ros2_ws/build/my_py_pkg/build install --record /home/minje/ros2_study/ros2_ws/build/my_py_pkg/install.log --single-version-externally-managed
[0.450s] running egg_info
[0.450s] writing ../../build/my_py_pkg/my_py_pkg.egg-info/PKG-INFO
[0.451s] writing dependency_links to ../../build/my_py_pkg/my_py_pkg.egg-info/dependency_links.txt
[0.451s] writing entry points to ../../build/my_py_pkg/my_py_pkg.egg-info/entry_points.txt
[0.451s] writing requirements to ../../build/my_py_pkg/my_py_pkg.egg-info/requires.txt
[0.451s] writing top-level names to ../../build/my_py_pkg/my_py_pkg.egg-info/top_level.txt
[0.452s] reading manifest file '../../build/my_py_pkg/my_py_pkg.egg-info/SOURCES.txt'
[0.453s] writing manifest file '../../build/my_py_pkg/my_py_pkg.egg-info/SOURCES.txt'
[0.454s] running build
[0.454s] running build_py
[0.454s] running install
[0.454s] running install_lib
[0.454s] running install_data
[0.454s] running install_egg_info
[0.455s] removing '/home/minje/ros2_study/ros2_ws/install/my_py_pkg/lib/python3.10/site-packages/my_py_pkg-0.0.0-py3.10.egg-info' (and everything under it)
[0.455s] Copying ../../build/my_py_pkg/my_py_pkg.egg-info to /home/minje/ros2_study/ros2_ws/install/my_py_pkg/lib/python3.10/site-packages/my_py_pkg-0.0.0-py3.10.egg-info
[0.456s] running install_scripts
[0.467s] writing list of installed files to '/home/minje/ros2_study/ros2_ws/build/my_py_pkg/install.log'
[0.481s] Invoked command in '/home/minje/ros2_study/ros2_ws/src/my_py_pkg' returned '0': PYTHONPATH=/home/minje/ros2_study/ros2_ws/build/my_py_pkg/prefix_override:/home/minje/ros2_study/ros2_ws/install/my_py_pkg/lib/python3.10/site-packages:${PYTHONPATH} /usr/bin/python3 setup.py egg_info --egg-base ../../build/my_py_pkg build --build-base /home/minje/ros2_study/ros2_ws/build/my_py_pkg/build install --record /home/minje/ros2_study/ros2_ws/build/my_py_pkg/install.log --single-version-externally-managed
